[debug] [2018-04-03T00:20:33.178Z] ----------------------------------------------------------------------
[debug] [2018-04-03T00:20:33.180Z] Command:       /usr/local/Cellar/node/9.5.0/bin/node /usr/local/bin/firebase serve
[debug] [2018-04-03T00:20:33.180Z] CLI Version:   3.17.6
[debug] [2018-04-03T00:20:33.180Z] Platform:      darwin
[debug] [2018-04-03T00:20:33.180Z] Node Version:  v9.5.0
[debug] [2018-04-03T00:20:33.181Z] Time:          Mon Apr 02 2018 20:20:33 GMT-0400 (EDT)
[debug] [2018-04-03T00:20:33.181Z] ----------------------------------------------------------------------
[debug] 
[debug] [2018-04-03T00:20:33.193Z] > command requires scopes: ["email","openid","https://www.googleapis.com/auth/cloudplatformprojects.readonly","https://www.googleapis.com/auth/firebase","https://www.googleapis.com/auth/cloud-platform"]
[debug] [2018-04-03T00:20:33.193Z] > authorizing via signed-in user
[debug] [2018-04-03T00:20:33.194Z] >>> HTTP REQUEST GET https://admin.firebase.com/v1/projects/listit-23117  
  
 Mon Apr 02 2018 20:20:33 GMT-0400 (EDT)
[debug] [2018-04-03T00:20:33.471Z] <<< HTTP RESPONSE 200
[debug] [2018-04-03T00:20:33.472Z] >>> HTTP REQUEST GET https://admin.firebase.com/v1/database/listit-23117/tokens  
  
 Mon Apr 02 2018 20:20:33 GMT-0400 (EDT)
[debug] [2018-04-03T00:20:33.798Z] <<< HTTP RESPONSE 200
[debug] [2018-04-03T00:20:33.799Z] >>> HTTP REQUEST GET https://cloudresourcemanager.googleapis.com/v1/projects/listit-23117  
  
 Mon Apr 02 2018 20:20:33 GMT-0400 (EDT)
[debug] [2018-04-03T00:20:33.976Z] <<< HTTP RESPONSE 200
[info] 
[info] === Serving from '/Users/emadaghayi/Dropbox/PhD_Materials/Second_Semester/UI_Design_632/HomeWorks/Hw5/Workespace/ListIt'...
[info] 
[debug] [2018-04-03T00:20:33.978Z] >>> HTTP REQUEST GET https://mobilesdk-pa.googleapis.com/v1/projects/8829946545/clients/_:getWebAppConfig  
  
 Mon Apr 02 2018 20:20:33 GMT-0400 (EDT)
[debug] [2018-04-03T00:20:34.243Z] <<< HTTP RESPONSE 200
[info] ✔  hosting: Local server: http://localhost:5000

